[debug] [2023-01-11T17:27:35.330Z] ----------------------------------------------------------------------
[debug] [2023-01-11T17:27:35.332Z] Command:       C:\Program Files\nodejs\node.exe C:\Users\zagam\AppData\Roaming\npm\node_modules\firebase-tools\lib\bin\firebase.js emulators:start --import db
[debug] [2023-01-11T17:27:35.332Z] CLI Version:   11.19.0
[debug] [2023-01-11T17:27:35.332Z] Platform:      win32
[debug] [2023-01-11T17:27:35.332Z] Node Version:  v18.12.1
[debug] [2023-01-11T17:27:35.333Z] Time:          Wed Jan 11 2023 14:27:35 GMT-0300 (Horário Padrão de Brasília)
[debug] [2023-01-11T17:27:35.333Z] ----------------------------------------------------------------------
[debug] 
[debug] [2023-01-11T17:27:35.337Z] >>> [apiv2][query] GET https://firebase-public.firebaseio.com/cli.json [none]
[debug] [2023-01-11T17:27:35.441Z] > command requires scopes: ["email","openid","https://www.googleapis.com/auth/cloudplatformprojects.readonly","https://www.googleapis.com/auth/firebase","https://www.googleapis.com/auth/cloud-platform"]
[debug] [2023-01-11T17:27:35.441Z] > authorizing via signed-in user (izaacmendes2@gmail.com)
[debug] [2023-01-11T17:27:35.978Z] java version "19.0.1" 2022-10-18
Java(TM) SE Runtime Environment (build 19.0.1+10-21)

[debug] [2023-01-11T17:27:35.979Z] Java HotSpot(TM) 64-Bit Server VM (build 19.0.1+10-21, mixed mode, sharing)

[debug] [2023-01-11T17:27:35.996Z] Parsed Java major version: 19
[info] i  emulators: Starting emulators: auth, functions, firestore, hosting {"metadata":{"emulator":{"name":"hub"},"message":"Starting emulators: auth, functions, firestore, hosting"}}
[debug] [2023-01-11T17:27:36.014Z] [logging] Logging Emulator only supports listening on one address (127.0.0.1). Not listening on ::1
[debug] [2023-01-11T17:27:36.014Z] [auth] Authentication Emulator only supports listening on one address (127.0.0.1). Not listening on ::1
[debug] [2023-01-11T17:27:36.014Z] [firestore] Firestore Emulator only supports listening on one address (127.0.0.1). Not listening on ::1
[debug] [2023-01-11T17:27:36.015Z] [firestore.websocket] websocket server for firestore only supports listening on one address (127.0.0.1). Not listening on ::1
[debug] [2023-01-11T17:27:36.015Z] [hosting] Hosting Emulator only supports listening on one address (127.0.0.1). Not listening on ::1
[debug] [2023-01-11T17:27:36.015Z] assigned listening specs for emulators {"user":{"hub":[{"address":"127.0.0.1","family":"IPv4","port":4400},{"address":"::1","family":"IPv6","port":4400}],"ui":[{"address":"127.0.0.1","family":"IPv4","port":4000},{"address":"::1","family":"IPv6","port":4000}],"logging":[{"address":"127.0.0.1","family":"IPv4","port":4500}],"auth":[{"address":"127.0.0.1","family":"IPv4","port":9099}],"firestore":[{"address":"127.0.0.1","family":"IPv4","port":8080}],"firestore.websocket":[{"address":"127.0.0.1","family":"IPv4","port":9150}],"hosting":[{"address":"127.0.0.1","family":"IPv4","port":5000}]},"metadata":{"message":"assigned listening specs for emulators"}}
[debug] [2023-01-11T17:27:36.023Z] [hub] writing locator at C:\Users\zagam\AppData\Local\Temp\hub-bookstore-15b7a.json
[debug] [2023-01-11T17:27:36.038Z] [functions] Functions Emulator only supports listening on one address (127.0.0.1). Not listening on ::1
[debug] [2023-01-11T17:27:36.038Z] [eventarc] Eventarc Emulator only supports listening on one address (127.0.0.1). Not listening on ::1
[debug] [2023-01-11T17:27:36.038Z] late-assigned ports for functions and eventarc emulators {"user":{"hub":[{"address":"127.0.0.1","family":"IPv4","port":4400},{"address":"::1","family":"IPv6","port":4400}],"ui":[{"address":"127.0.0.1","family":"IPv4","port":4000},{"address":"::1","family":"IPv6","port":4000}],"logging":[{"address":"127.0.0.1","family":"IPv4","port":4500}],"auth":[{"address":"127.0.0.1","family":"IPv4","port":9099}],"firestore":[{"address":"127.0.0.1","family":"IPv4","port":8080}],"firestore.websocket":[{"address":"127.0.0.1","family":"IPv4","port":9150}],"hosting":[{"address":"127.0.0.1","family":"IPv4","port":5000}],"functions":[{"address":"127.0.0.1","family":"IPv4","port":5001}],"eventarc":[{"address":"127.0.0.1","family":"IPv4","port":9299}]},"metadata":{"message":"late-assigned ports for functions and eventarc emulators"}}
[warn] !  functions: The following emulators are not running, calls to these services from the Functions emulator will affect production: database, pubsub, storage {"metadata":{"emulator":{"name":"functions"},"message":"The following emulators are not running, calls to these services from the Functions emulator will affect production: \u001b[1mdatabase, pubsub, storage\u001b[22m"}}
[warn] !  Your requested "node" version "16" doesn't match your global version "18". Using node@18 from host. {"metadata":{"emulator":{"name":"functions"},"message":"Your requested \"node\" version \"16\" doesn't match your global version \"18\". Using node@18 from host."}}
[debug] [2023-01-11T17:27:36.068Z] defaultcredentials: writing to file C:\Users\zagam\AppData\Roaming\firebase\izaacmendes2_gmail_com_application_default_credentials.json
[debug] [2023-01-11T17:27:36.071Z] Setting GAC to C:\Users\zagam\AppData\Roaming\firebase\izaacmendes2_gmail_com_application_default_credentials.json {"metadata":{"emulator":{"name":"functions"},"message":"Setting GAC to C:\\Users\\zagam\\AppData\\Roaming\\firebase\\izaacmendes2_gmail_com_application_default_credentials.json"}}
[debug] [2023-01-11T17:27:36.072Z] > refreshing access token with scopes: []
[debug] [2023-01-11T17:27:36.073Z] >>> [apiv2][query] POST https://www.googleapis.com/oauth2/v3/token [none]
[debug] [2023-01-11T17:27:36.073Z] >>> [apiv2][body] POST https://www.googleapis.com/oauth2/v3/token [omitted]
[warn] !  Unable to fetch the CLI MOTD and remote config. 
[debug] [2023-01-11T17:27:56.521Z] Failed to fetch MOTD FirebaseError: Failed to make request to https://firebase-public.firebaseio.com/cli.json
[debug] [2023-01-11T17:27:57.156Z] Failed to get Admin SDK config for bookstore-15b7a, falling back to cacheFailed to get Admin SDK for Firebase project bookstore-15b7a. Please make sure the project exists and your account has permission to access it. {"name":"FirebaseError","children":[],"exit":2,"message":"Failed to get Admin SDK for Firebase project bookstore-15b7a. Please make sure the project exists and your account has permission to access it.","original":{"name":"FirebaseError","children":[],"exit":1,"message":"Authentication Error: Your credentials are no longer valid. Please run \u001b[1mfirebase login --reauth\u001b[22m\n\nFor CI servers and headless environments, generate a new token with \u001b[1mfirebase login:ci\u001b[22m","status":500},"status":500}
[info] i  firestore: Importing data from C:\Users\zagam\Desktop\book-store\db\firestore_export\firestore_export.overall_export_metadata {"metadata":{"emulator":{"name":"firestore"},"message":"Importing data from C:\\Users\\zagam\\Desktop\\book-store\\db\\firestore_export\\firestore_export.overall_export_metadata"}}
[debug] [2023-01-11T17:27:57.181Z] Ignoring unsupported arg: auto_download {"metadata":{"emulator":{"name":"firestore"},"message":"Ignoring unsupported arg: auto_download"}}
[debug] [2023-01-11T17:27:57.181Z] Ignoring unsupported arg: single_project_mode_error {"metadata":{"emulator":{"name":"firestore"},"message":"Ignoring unsupported arg: single_project_mode_error"}}
[debug] [2023-01-11T17:27:57.181Z] Starting Firestore Emulator with command {"binary":"java","args":["-Dgoogle.cloud_firestore.debug_log_level=FINE","-Duser.language=en","-jar","C:\\Users\\zagam\\.cache\\firebase\\emulators\\cloud-firestore-emulator-v1.15.1.jar","--host","127.0.0.1","--port",8080,"--websocket_port",9150,"--project_id","bookstore-15b7a","--seed_from_export","C:\\Users\\zagam\\Desktop\\book-store\\db\\firestore_export\\firestore_export.overall_export_metadata","--rules","C:\\Users\\zagam\\Desktop\\book-store\\firestore.rules","--single_project_mode",true,"--functions_emulator","127.0.0.1:5001"],"optionalArgs":["port","webchannel_port","host","rules","websocket_port","functions_emulator","seed_from_export","project_id","single_project_mode"],"joinArgs":false} {"metadata":{"emulator":{"name":"firestore"},"message":"Starting Firestore Emulator with command {\"binary\":\"java\",\"args\":[\"-Dgoogle.cloud_firestore.debug_log_level=FINE\",\"-Duser.language=en\",\"-jar\",\"C:\\\\Users\\\\zagam\\\\.cache\\\\firebase\\\\emulators\\\\cloud-firestore-emulator-v1.15.1.jar\",\"--host\",\"127.0.0.1\",\"--port\",8080,\"--websocket_port\",9150,\"--project_id\",\"bookstore-15b7a\",\"--seed_from_export\",\"C:\\\\Users\\\\zagam\\\\Desktop\\\\book-store\\\\db\\\\firestore_export\\\\firestore_export.overall_export_metadata\",\"--rules\",\"C:\\\\Users\\\\zagam\\\\Desktop\\\\book-store\\\\firestore.rules\",\"--single_project_mode\",true,\"--functions_emulator\",\"127.0.0.1:5001\"],\"optionalArgs\":[\"port\",\"webchannel_port\",\"host\",\"rules\",\"websocket_port\",\"functions_emulator\",\"seed_from_export\",\"project_id\",\"single_project_mode\"],\"joinArgs\":false}"}}
[info] i  firestore: Firestore Emulator logging to firestore-debug.log {"metadata":{"emulator":{"name":"firestore"},"message":"Firestore Emulator logging to \u001b[1mfirestore-debug.log\u001b[22m"}}
[info] +  firestore: Firestore Emulator UI websocket is running on 9150. {"metadata":{"emulator":{"name":"firestore"},"message":"Firestore Emulator UI websocket is running on 9150."}}
[info] i  auth: Importing config from C:\Users\zagam\Desktop\book-store\db\auth_export\config.json {"metadata":{"emulator":{"name":"auth"},"message":"Importing config from C:\\Users\\zagam\\Desktop\\book-store\\db\\auth_export\\config.json"}}
[info] i  auth: Importing accounts from C:\Users\zagam\Desktop\book-store\db\auth_export\accounts.json {"metadata":{"emulator":{"name":"auth"},"message":"Importing accounts from C:\\Users\\zagam\\Desktop\\book-store\\db\\auth_export\\accounts.json"}}
[debug] [2023-01-11T17:28:05.623Z] > refreshing access token with scopes: []
[debug] [2023-01-11T17:28:05.624Z] >>> [apiv2][query] POST https://www.googleapis.com/oauth2/v3/token [none]
[debug] [2023-01-11T17:28:05.624Z] >>> [apiv2][body] POST https://www.googleapis.com/oauth2/v3/token [omitted]
[debug] [2023-01-11T17:28:26.677Z] Failed to list hosting sites
[debug] Authentication Error: Your credentials are no longer valid. Please run firebase login --reauth

For CI servers and headless environments, generate a new token with firebase login:ci
[debug] [2023-01-11T17:28:26.677Z] > refreshing access token with scopes: []
[debug] [2023-01-11T17:28:26.677Z] >>> [apiv2][query] POST https://www.googleapis.com/oauth2/v3/token [none]
[debug] [2023-01-11T17:28:26.677Z] >>> [apiv2][body] POST https://www.googleapis.com/oauth2/v3/token [omitted]
[debug] [2023-01-11T17:28:47.709Z] fetchWebSetup error: FirebaseError: Authentication Error: Your credentials are no longer valid. Please run firebase login --reauth

For CI servers and headless environments, generate a new token with firebase login:ci
[warn] !  hosting: Using web app configuration from cache. 
[debug] [2023-01-11T17:28:47.712Z] > refreshing access token with scopes: []
[debug] [2023-01-11T17:28:47.712Z] >>> [apiv2][query] POST https://www.googleapis.com/oauth2/v3/token [none]
[debug] [2023-01-11T17:28:47.712Z] >>> [apiv2][body] POST https://www.googleapis.com/oauth2/v3/token [omitted]
[debug] [2023-01-11T17:29:08.815Z] Authentication Error: Your credentials are no longer valid. Please run firebase login --reauth

For CI servers and headless environments, generate a new token with firebase login:ci
[info] i  hosting[bookstore-15b7a]: Serving hosting files from: build {"metadata":{"emulator":{"name":"hosting"},"message":"Serving hosting files from: \u001b[1mbuild\u001b[22m"}}
[info] +  hosting[bookstore-15b7a]: Local server: http://127.0.0.1:5000 {"metadata":{"emulator":{"name":"hosting"},"message":"Local server: \u001b[4m\u001b[1mhttp://127.0.0.1:5000\u001b[22m\u001b[24m"}}
[debug] [2023-01-11T17:29:08.851Z] Ignoring unsupported arg: auto_download {"metadata":{"emulator":{"name":"ui"},"message":"Ignoring unsupported arg: auto_download"}}
[debug] [2023-01-11T17:29:08.851Z] Ignoring unsupported arg: port {"metadata":{"emulator":{"name":"ui"},"message":"Ignoring unsupported arg: port"}}
[debug] [2023-01-11T17:29:08.852Z] Starting Emulator UI with command {"binary":"node","args":["C:\\Users\\zagam\\.cache\\firebase\\emulators\\ui-v1.11.1\\server\\server.js"],"optionalArgs":[],"joinArgs":false} {"metadata":{"emulator":{"name":"ui"},"message":"Starting Emulator UI with command {\"binary\":\"node\",\"args\":[\"C:\\\\Users\\\\zagam\\\\.cache\\\\firebase\\\\emulators\\\\ui-v1.11.1\\\\server\\\\server.js\"],\"optionalArgs\":[],\"joinArgs\":false}"}}
[info] i  ui: Emulator UI logging to ui-debug.log {"metadata":{"emulator":{"name":"ui"},"message":"Emulator UI logging to \u001b[1mui-debug.log\u001b[22m"}}
[debug] [2023-01-11T17:29:08.987Z] Web / API server started at 127.0.0.1:4000
 {"metadata":{"emulator":{"name":"ui"},"message":"Web / API server started at 127.0.0.1:4000\n"}}
[debug] [2023-01-11T17:29:08.987Z] Web / API server started at ::1:4000
 {"metadata":{"emulator":{"name":"ui"},"message":"Web / API server started at ::1:4000\n"}}
[info] i  functions: Watching "C:\Users\zagam\Desktop\book-store\functions" for Cloud Functions... {"metadata":{"emulator":{"name":"functions"},"message":"Watching \"C:\\Users\\zagam\\Desktop\\book-store\\functions\" for Cloud Functions..."}}
[debug] [2023-01-11T17:29:09.133Z] Validating nodejs source
[debug] [2023-01-11T17:29:59.134Z] checkFunctionsSDKVersion encountered error:Unexpected token D in JSON at position 0 {}
[debug] [2023-01-11T17:29:59.135Z] > [functions] package.json contents: {
  "name": "functions",
  "scripts": {
    "lint": "eslint --ext .js,.ts .",
    "build": "tsc",
    "build:watch": "tsc --watch",
    "serve": "npx tsc --watch && firebase emulators:start",
    "shell": "npm run build && firebase functions:shell",
    "start": "npm run shell",
    "deploy": "firebase deploy --only functions",
    "logs": "firebase functions:log"
  },
  "engines": {
    "node": "16"
  },
  "main": "lib/index.js",
  "dependencies": {
    "body-parser": "^1.20.1",
    "correios-brasil": "^3.0.3",
    "cors": "^2.8.5",
    "express": "^4.18.2",
    "firebase-admin": "^10.0.2",
    "firebase-functions": "^4.1.1",
    "mercadopago": "^1.5.14",
    "slugify": "^1.6.5",
    "stripe": "^11.5.0"
  },
  "devDependencies": {
    "@types/express": "^4.17.15",
    "@types/express-serve-static-core": "^4.17.31",
    "@typescript-eslint/eslint-plugin": "^5.12.0",
    "@typescript-eslint/parser": "^5.47.0",
    "eslint": "^8.9.0",
    "eslint-config-google": "^0.14.0",
    "eslint-plugin-import": "^2.25.4",
    "firebase-functions-test": "^0.2.0",
    "typescript": "^4.9.4"
  },
  "private": true
}
[debug] [2023-01-11T17:29:59.135Z] Building nodejs source
[info] i  functions: Loaded environment variables from .env. 
[debug] [2023-01-11T17:29:59.139Z] Could not find functions.yaml. Must use http discovery
[debug] [2023-01-11T17:29:59.168Z] Received signal SIGINT (Ctrl-C) 1
[info]  
[info] i  emulators: Received SIGINT (Ctrl-C) for the first time. Starting a clean shutdown. 
[info] i  emulators: Please wait for a clean shutdown or send the SIGINT (Ctrl-C) signal again to stop right now. 
[info] i  emulators: Shutting down emulators. {"metadata":{"emulator":{"name":"hub"},"message":"Shutting down emulators."}}
[info] i  ui: Stopping Emulator UI {"metadata":{"emulator":{"name":"ui"},"message":"Stopping Emulator UI"}}
[info] i  hosting: 127.0.0.1 - - [11/Jan/2023:17:29:59 +0000] "GET / HTTP/1.1" - - "-" "Mozilla/5.0 (Windows NT 10.0; Win64; x64) AppleWebKit/537.36 (KHTML, like Gecko) Chrome/108.0.0.0 Safari/537.36" {"metadata":{"emulator":{"name":"hosting"},"message":"127.0.0.1 - - [11/Jan/2023:17:29:59 +0000] \"GET / HTTP/1.1\" - - \"-\" \"Mozilla/5.0 (Windows NT 10.0; Win64; x64) AppleWebKit/537.36 (KHTML, like Gecko) Chrome/108.0.0.0 Safari/537.36\""}}
[warn] !  Emulator UI has exited upon receiving signal: SIGINT 
[info] i  functions: Stopping Functions Emulator {"metadata":{"emulator":{"name":"functions"},"message":"Stopping Functions Emulator"}}
[info] i  hosting: Stopping Hosting Emulator {"metadata":{"emulator":{"name":"hosting"},"message":"Stopping Hosting Emulator"}}
[info] i  firestore: Stopping Firestore Emulator {"metadata":{"emulator":{"name":"firestore"},"message":"Stopping Firestore Emulator"}}
[warn] !  Firestore Emulator has exited upon receiving signal: SIGINT 
[info] i  auth: Stopping Authentication Emulator {"metadata":{"emulator":{"name":"auth"},"message":"Stopping Authentication Emulator"}}
[info] i  eventarc: Stopping Eventarc Emulator {"metadata":{"emulator":{"name":"eventarc"},"message":"Stopping Eventarc Emulator"}}
[info] i  hub: Stopping emulator hub {"metadata":{"emulator":{"name":"hub"},"message":"Stopping emulator hub"}}
[info] i  logging: Stopping Logging Emulator {"metadata":{"emulator":{"name":"logging"},"message":"Stopping Logging Emulator"}}
[debug] [2023-01-11T17:29:59.349Z] Received signal SIGINT (Ctrl-C) 2
[info]  
[debug] [2023-01-11T17:29:59.349Z] Skipping clean onExit() and cleanShutdown()
[warn] !  emulators: Received SIGINT (Ctrl-C) 2 times. You have forced the Emulator Suite to exit without waiting for 0 subprocess to finish. These processes may still be running on your machine:  
[info] 
┌──────────┬───────────┬─────┐
│ Emulator │ Host:Port │ PID │
└──────────┴───────────┴─────┘

To force them to exit run:

[info] TASKKILL  /T

[debug] [2023-01-11T17:29:59.556Z] Received signal SIGINT (Ctrl-C) 3
[info]  
[debug] [2023-01-11T17:29:59.557Z] Skipping clean onExit() and cleanShutdown()
[warn] !  emulators: Received SIGINT (Ctrl-C) 3 times. You have forced the Emulator Suite to exit without waiting for 0 subprocess to finish. These processes may still be running on your machine:  
[info] 
┌──────────┬───────────┬─────┐
│ Emulator │ Host:Port │ PID │
└──────────┴───────────┴─────┘

To force them to exit run:

[info] TASKKILL  /T

[debug] [2023-01-11T17:29:59.779Z] Received signal SIGINT (Ctrl-C) 4
[info]  
[debug] [2023-01-11T17:29:59.780Z] Skipping clean onExit() and cleanShutdown()
[warn] !  emulators: Received SIGINT (Ctrl-C) 4 times. You have forced the Emulator Suite to exit without waiting for 0 subprocess to finish. These processes may still be running on your machine:  
[info] 
┌──────────┬───────────┬─────┐
│ Emulator │ Host:Port │ PID │
└──────────┴───────────┴─────┘

To force them to exit run:

[info] TASKKILL  /T

[debug] [2023-01-11T17:30:02.172Z] Received signal SIGINT (Ctrl-C) 5
[info]  
[debug] [2023-01-11T17:30:02.172Z] Skipping clean onExit() and cleanShutdown()
[warn] !  emulators: Received SIGINT (Ctrl-C) 5 times. You have forced the Emulator Suite to exit without waiting for 0 subprocess to finish. These processes may still be running on your machine:  
[info] 
┌──────────┬───────────┬─────┐
│ Emulator │ Host:Port │ PID │
└──────────┴───────────┴─────┘

To force them to exit run:

[info] TASKKILL  /T

[debug] [2023-01-11T17:30:02.396Z] Received signal SIGINT (Ctrl-C) 6
[info]  
[debug] [2023-01-11T17:30:02.396Z] Skipping clean onExit() and cleanShutdown()
[warn] !  emulators: Received SIGINT (Ctrl-C) 6 times. You have forced the Emulator Suite to exit without waiting for 0 subprocess to finish. These processes may still be running on your machine:  
[info] 
┌──────────┬───────────┬─────┐
│ Emulator │ Host:Port │ PID │
└──────────┴───────────┴─────┘

To force them to exit run:

[info] TASKKILL  /T

[debug] [2023-01-11T17:30:02.638Z] Received signal SIGINT (Ctrl-C) 7
[info]  
[debug] [2023-01-11T17:30:02.639Z] Skipping clean onExit() and cleanShutdown()
[warn] !  emulators: Received SIGINT (Ctrl-C) 7 times. You have forced the Emulator Suite to exit without waiting for 0 subprocess to finish. These processes may still be running on your machine:  
[info] 
┌──────────┬───────────┬─────┐
│ Emulator │ Host:Port │ PID │
└──────────┴───────────┴─────┘

To force them to exit run:

[info] TASKKILL  /T

[debug] [2023-01-11T17:30:02.780Z] Received signal SIGINT (Ctrl-C) 8
[info]  
[debug] [2023-01-11T17:30:02.780Z] Skipping clean onExit() and cleanShutdown()
[warn] !  emulators: Received SIGINT (Ctrl-C) 8 times. You have forced the Emulator Suite to exit without waiting for 0 subprocess to finish. These processes may still be running on your machine:  
[info] 
┌──────────┬───────────┬─────┐
│ Emulator │ Host:Port │ PID │
└──────────┴───────────┴─────┘

To force them to exit run:

[info] TASKKILL  /T

[debug] [2023-01-11T17:30:03.292Z] Received signal SIGINT (Ctrl-C) 9
[info]  
[debug] [2023-01-11T17:30:03.293Z] Skipping clean onExit() and cleanShutdown()
[warn] !  emulators: Received SIGINT (Ctrl-C) 9 times. You have forced the Emulator Suite to exit without waiting for 0 subprocess to finish. These processes may still be running on your machine:  
[info] 
┌──────────┬───────────┬─────┐
│ Emulator │ Host:Port │ PID │
└──────────┴───────────┴─────┘

To force them to exit run:

[info] TASKKILL  /T

[debug] [2023-01-11T17:30:03.499Z] Received signal SIGINT (Ctrl-C) 10
[info]  
[debug] [2023-01-11T17:30:03.500Z] Skipping clean onExit() and cleanShutdown()
[warn] !  emulators: Received SIGINT (Ctrl-C) 10 times. You have forced the Emulator Suite to exit without waiting for 0 subprocess to finish. These processes may still be running on your machine:  
[info] 
┌──────────┬───────────┬─────┐
│ Emulator │ Host:Port │ PID │
└──────────┴───────────┴─────┘

To force them to exit run:

[info] TASKKILL  /T

[error] !!  functions: Failed to load function definition from source: FetchError: request to http://localhost:9005/__/quitquitquit failed, reason: connect ECONNREFUSED ::1:9005 {"metadata":{"emulator":{"name":"functions"},"message":"Failed to load function definition from source: FetchError: request to http://localhost:9005/__/quitquitquit failed, reason: connect ECONNREFUSED ::1:9005"}}
[info] 
┌─────────────────────────────────────────────────────────────┐
│ ✔  All emulators ready! It is now safe to connect your app. │
└─────────────────────────────────────────────────────────────┘

┌────────────────┬──────────────────────────────────┐
│ Emulator       │ Host:Port                        │
├────────────────┼──────────────────────────────────┤
│ Authentication │ Failed to initialize (see above) │
├────────────────┼──────────────────────────────────┤
│ Functions      │ Failed to initialize (see above) │
├────────────────┼──────────────────────────────────┤
│ Firestore      │ Failed to initialize (see above) │
├────────────────┼──────────────────────────────────┤
│ Hosting        │ Failed to initialize (see above) │
└────────────────┴──────────────────────────────────┘
  Emulator Hub not running.
  Other reserved ports: None

Issues? Report them at https://github.com/firebase/firebase-tools/issues and attach the *-debug.log files.
 
[debug] [2023-01-11T17:30:03.708Z] Received signal SIGINT (Ctrl-C) 11
[info]  
[debug] [2023-01-11T17:30:03.708Z] Skipping clean onExit() and cleanShutdown()
[warn] !  emulators: Received SIGINT (Ctrl-C) 11 times. You have forced the Emulator Suite to exit without waiting for 0 subprocess to finish. These processes may still be running on your machine:  
[info] 
┌──────────┬───────────┬─────┐
│ Emulator │ Host:Port │ PID │
└──────────┴───────────┴─────┘

To force them to exit run:

[info] TASKKILL  /T

[debug] [2023-01-11T17:30:03.957Z] Received signal SIGINT (Ctrl-C) 12
[info]  
[debug] [2023-01-11T17:30:03.957Z] Skipping clean onExit() and cleanShutdown()
[warn] !  emulators: Received SIGINT (Ctrl-C) 12 times. You have forced the Emulator Suite to exit without waiting for 0 subprocess to finish. These processes may still be running on your machine:  
[info] 
┌──────────┬───────────┬─────┐
│ Emulator │ Host:Port │ PID │
└──────────┴───────────┴─────┘

To force them to exit run:

[info] TASKKILL  /T

[debug] [2023-01-11T17:30:04.181Z] Received signal SIGINT (Ctrl-C) 13
[info]  
[debug] [2023-01-11T17:30:04.182Z] Skipping clean onExit() and cleanShutdown()
[warn] !  emulators: Received SIGINT (Ctrl-C) 13 times. You have forced the Emulator Suite to exit without waiting for 0 subprocess to finish. These processes may still be running on your machine:  
[info] 
┌──────────┬───────────┬─────┐
│ Emulator │ Host:Port │ PID │
└──────────┴───────────┴─────┘

To force them to exit run:

[info] TASKKILL  /T

[debug] [2023-01-11T17:30:04.725Z] Received signal SIGINT (Ctrl-C) 14
[info]  
[debug] [2023-01-11T17:30:04.725Z] Skipping clean onExit() and cleanShutdown()
[warn] !  emulators: Received SIGINT (Ctrl-C) 14 times. You have forced the Emulator Suite to exit without waiting for 0 subprocess to finish. These processes may still be running on your machine:  
[info] 
┌──────────┬───────────┬─────┐
│ Emulator │ Host:Port │ PID │
└──────────┴───────────┴─────┘

To force them to exit run:

[info] TASKKILL  /T

[debug] [2023-01-11T17:30:04.981Z] Received signal SIGINT (Ctrl-C) 15
[info]  
[debug] [2023-01-11T17:30:04.982Z] Skipping clean onExit() and cleanShutdown()
[warn] !  emulators: Received SIGINT (Ctrl-C) 15 times. You have forced the Emulator Suite to exit without waiting for 0 subprocess to finish. These processes may still be running on your machine:  
[info] 
┌──────────┬───────────┬─────┐
│ Emulator │ Host:Port │ PID │
└──────────┴───────────┴─────┘

To force them to exit run:

[info] TASKKILL  /T

[debug] [2023-01-11T17:30:05.172Z] Received signal SIGINT (Ctrl-C) 16
[info]  
[debug] [2023-01-11T17:30:05.172Z] Skipping clean onExit() and cleanShutdown()
[warn] !  emulators: Received SIGINT (Ctrl-C) 16 times. You have forced the Emulator Suite to exit without waiting for 0 subprocess to finish. These processes may still be running on your machine:  
[info] 
┌──────────┬───────────┬─────┐
│ Emulator │ Host:Port │ PID │
└──────────┴───────────┴─────┘

To force them to exit run:

[info] TASKKILL  /T

[debug] [2023-01-11T17:30:05.524Z] Received signal SIGINT (Ctrl-C) 17
[info]  
[debug] [2023-01-11T17:30:05.525Z] Skipping clean onExit() and cleanShutdown()
[warn] !  emulators: Received SIGINT (Ctrl-C) 17 times. You have forced the Emulator Suite to exit without waiting for 0 subprocess to finish. These processes may still be running on your machine:  
[info] 
┌──────────┬───────────┬─────┐
│ Emulator │ Host:Port │ PID │
└──────────┴───────────┴─────┘

To force them to exit run:

[info] TASKKILL  /T

[debug] [2023-01-11T17:30:09.216Z] Error: Timed out.
    at Timeout._onTimeout (C:\Users\zagam\AppData\Roaming\npm\node_modules\firebase-tools\lib\utils.js:253:49)
    at listOnTimeout (node:internal/timers:564:17)
    at process.processTimers (node:internal/timers:507:7)
[error] 
[error] Error: An unexpected error has occurred.
[debug] [2023-01-11T17:30:14.217Z] ----------------------------------------------------------------------
[debug] [2023-01-11T17:30:14.219Z] Command:       C:\Program Files\nodejs\node.exe C:\Users\zagam\AppData\Roaming\npm\node_modules\firebase-tools\lib\bin\firebase.js emulators:start --import db
[debug] [2023-01-11T17:30:14.219Z] CLI Version:   11.19.0
[debug] [2023-01-11T17:30:14.219Z] Platform:      win32
[debug] [2023-01-11T17:30:14.219Z] Node Version:  v18.12.1
[debug] [2023-01-11T17:30:14.220Z] Time:          Wed Jan 11 2023 14:30:14 GMT-0300 (Horário Padrão de Brasília)
[debug] [2023-01-11T17:30:14.220Z] ----------------------------------------------------------------------
[debug] 
[debug] [2023-01-11T17:30:14.223Z] >>> [apiv2][query] GET https://firebase-public.firebaseio.com/cli.json [none]
[debug] [2023-01-11T17:30:14.333Z] > command requires scopes: ["email","openid","https://www.googleapis.com/auth/cloudplatformprojects.readonly","https://www.googleapis.com/auth/firebase","https://www.googleapis.com/auth/cloud-platform"]
[debug] [2023-01-11T17:30:14.333Z] > authorizing via signed-in user (izaacmendes2@gmail.com)
[debug] [2023-01-11T17:30:14.491Z] java version "19.0.1" 2022-10-18

[debug] [2023-01-11T17:30:14.492Z] Java(TM) SE Runtime Environment (build 19.0.1+10-21)
Java HotSpot(TM) 64-Bit Server VM (build 19.0.1+10-21, mixed mode, sharing)

[debug] [2023-01-11T17:30:14.534Z] Parsed Java major version: 19
[info] i  emulators: Starting emulators: auth, functions, firestore, hosting {"metadata":{"emulator":{"name":"hub"},"message":"Starting emulators: auth, functions, firestore, hosting"}}
[warn] !  firestore: Port 8080 is not open on localhost (127.0.0.1), could not start Firestore Emulator. {"metadata":{"emulator":{"name":"firestore"},"message":"Port 8080 is not open on localhost (127.0.0.1), could not start Firestore Emulator."}}
[warn] !  firestore: To select a different host/port, specify that host/port in a firebase.json config file:
      {
        // ...
        "emulators": {
          "firestore": {
            "host": "HOST",
            "port": "PORT"
          }
        }
      } {"metadata":{"emulator":{"name":"firestore"},"message":"To select a different host/port, specify that host/port in a firebase.json config file:\n      {\n        // ...\n        \"emulators\": {\n          \"firestore\": {\n            \"host\": \"\u001b[33mHOST\u001b[39m\",\n            \"port\": \"\u001b[33mPORT\u001b[39m\"\n          }\n        }\n      }"}}
[debug] [2023-01-11T17:30:14.558Z] [logging] Logging Emulator only supports listening on one address (127.0.0.1). Not listening on ::1
[debug] [2023-01-11T17:30:14.558Z] [auth] Authentication Emulator only supports listening on one address (127.0.0.1). Not listening on ::1
[debug] [2023-01-11T17:30:14.558Z] [hosting] Hosting Emulator only supports listening on one address (127.0.0.1). Not listening on ::1
[info] i  emulators: Shutting down emulators. {"metadata":{"emulator":{"name":"hub"},"message":"Shutting down emulators."}}
[debug] [2023-01-11T17:30:14.570Z] [firestore.websocket] websocket server for firestore only supports listening on one address (127.0.0.1). Not listening on ::1
[debug] [2023-01-11T17:30:19.577Z] Error: Timed out.
    at Timeout._onTimeout (C:\Users\zagam\AppData\Roaming\npm\node_modules\firebase-tools\lib\utils.js:253:49)
    at listOnTimeout (node:internal/timers:564:17)
    at process.processTimers (node:internal/timers:507:7)
[error] 
[error] Error: An unexpected error has occurred.
[debug] [2023-01-11T17:30:25.675Z] ----------------------------------------------------------------------
[debug] [2023-01-11T17:30:25.676Z] Command:       C:\Program Files\nodejs\node.exe C:\Users\zagam\AppData\Roaming\npm\node_modules\firebase-tools\lib\bin\firebase.js emulators:start --import db
[debug] [2023-01-11T17:30:25.677Z] CLI Version:   11.19.0
[debug] [2023-01-11T17:30:25.677Z] Platform:      win32
[debug] [2023-01-11T17:30:25.677Z] Node Version:  v18.12.1
[debug] [2023-01-11T17:30:25.678Z] Time:          Wed Jan 11 2023 14:30:25 GMT-0300 (Horário Padrão de Brasília)
[debug] [2023-01-11T17:30:25.678Z] ----------------------------------------------------------------------
[debug] 
[debug] [2023-01-11T17:30:25.681Z] >>> [apiv2][query] GET https://firebase-public.firebaseio.com/cli.json [none]
[debug] [2023-01-11T17:30:25.785Z] > command requires scopes: ["email","openid","https://www.googleapis.com/auth/cloudplatformprojects.readonly","https://www.googleapis.com/auth/firebase","https://www.googleapis.com/auth/cloud-platform"]
[debug] [2023-01-11T17:30:25.785Z] > authorizing via signed-in user (izaacmendes2@gmail.com)
[debug] [2023-01-11T17:30:25.909Z] java version "19.0.1" 2022-10-18
Java(TM) SE Runtime Environment (build 19.0.1+10-21)

[debug] [2023-01-11T17:30:25.909Z] Java HotSpot(TM) 64-Bit Server VM (build 19.0.1+10-21, mixed mode, sharing)

[debug] [2023-01-11T17:30:25.928Z] Parsed Java major version: 19
[info] i  emulators: Starting emulators: auth, functions, firestore, hosting {"metadata":{"emulator":{"name":"hub"},"message":"Starting emulators: auth, functions, firestore, hosting"}}
[debug] [2023-01-11T17:30:25.945Z] [logging] Logging Emulator only supports listening on one address (127.0.0.1). Not listening on ::1
[debug] [2023-01-11T17:30:25.945Z] [auth] Authentication Emulator only supports listening on one address (127.0.0.1). Not listening on ::1
[debug] [2023-01-11T17:30:25.945Z] [firestore] Firestore Emulator only supports listening on one address (127.0.0.1). Not listening on ::1
[debug] [2023-01-11T17:30:25.945Z] [firestore.websocket] websocket server for firestore only supports listening on one address (127.0.0.1). Not listening on ::1
[debug] [2023-01-11T17:30:25.946Z] [hosting] Hosting Emulator only supports listening on one address (127.0.0.1). Not listening on ::1
[debug] [2023-01-11T17:30:25.946Z] assigned listening specs for emulators {"user":{"hub":[{"address":"127.0.0.1","family":"IPv4","port":4400},{"address":"::1","family":"IPv6","port":4400}],"ui":[{"address":"127.0.0.1","family":"IPv4","port":4000},{"address":"::1","family":"IPv6","port":4000}],"logging":[{"address":"127.0.0.1","family":"IPv4","port":4500}],"auth":[{"address":"127.0.0.1","family":"IPv4","port":9099}],"firestore":[{"address":"127.0.0.1","family":"IPv4","port":8080}],"firestore.websocket":[{"address":"127.0.0.1","family":"IPv4","port":9150}],"hosting":[{"address":"127.0.0.1","family":"IPv4","port":5000}]},"metadata":{"message":"assigned listening specs for emulators"}}
[debug] [2023-01-11T17:30:25.955Z] [hub] writing locator at C:\Users\zagam\AppData\Local\Temp\hub-bookstore-15b7a.json
[debug] [2023-01-11T17:30:25.968Z] [functions] Functions Emulator only supports listening on one address (127.0.0.1). Not listening on ::1
[debug] [2023-01-11T17:30:25.968Z] [eventarc] Eventarc Emulator only supports listening on one address (127.0.0.1). Not listening on ::1
[debug] [2023-01-11T17:30:25.968Z] late-assigned ports for functions and eventarc emulators {"user":{"hub":[{"address":"127.0.0.1","family":"IPv4","port":4400},{"address":"::1","family":"IPv6","port":4400}],"ui":[{"address":"127.0.0.1","family":"IPv4","port":4000},{"address":"::1","family":"IPv6","port":4000}],"logging":[{"address":"127.0.0.1","family":"IPv4","port":4500}],"auth":[{"address":"127.0.0.1","family":"IPv4","port":9099}],"firestore":[{"address":"127.0.0.1","family":"IPv4","port":8080}],"firestore.websocket":[{"address":"127.0.0.1","family":"IPv4","port":9150}],"hosting":[{"address":"127.0.0.1","family":"IPv4","port":5000}],"functions":[{"address":"127.0.0.1","family":"IPv4","port":5001}],"eventarc":[{"address":"127.0.0.1","family":"IPv4","port":9299}]},"metadata":{"message":"late-assigned ports for functions and eventarc emulators"}}
[warn] !  functions: The following emulators are not running, calls to these services from the Functions emulator will affect production: database, pubsub, storage {"metadata":{"emulator":{"name":"functions"},"message":"The following emulators are not running, calls to these services from the Functions emulator will affect production: \u001b[1mdatabase, pubsub, storage\u001b[22m"}}
[warn] !  Your requested "node" version "16" doesn't match your global version "18". Using node@18 from host. {"metadata":{"emulator":{"name":"functions"},"message":"Your requested \"node\" version \"16\" doesn't match your global version \"18\". Using node@18 from host."}}
[debug] [2023-01-11T17:30:25.992Z] defaultcredentials: writing to file C:\Users\zagam\AppData\Roaming\firebase\izaacmendes2_gmail_com_application_default_credentials.json
[debug] [2023-01-11T17:30:25.994Z] Setting GAC to C:\Users\zagam\AppData\Roaming\firebase\izaacmendes2_gmail_com_application_default_credentials.json {"metadata":{"emulator":{"name":"functions"},"message":"Setting GAC to C:\\Users\\zagam\\AppData\\Roaming\\firebase\\izaacmendes2_gmail_com_application_default_credentials.json"}}
[debug] [2023-01-11T17:30:25.995Z] > refreshing access token with scopes: []
[debug] [2023-01-11T17:30:25.996Z] >>> [apiv2][query] POST https://www.googleapis.com/oauth2/v3/token [none]
[debug] [2023-01-11T17:30:25.996Z] >>> [apiv2][body] POST https://www.googleapis.com/oauth2/v3/token [omitted]
[warn] !  Unable to fetch the CLI MOTD and remote config. 
[debug] [2023-01-11T17:30:46.848Z] Failed to fetch MOTD FirebaseError: Failed to make request to https://firebase-public.firebaseio.com/cli.json
[debug] [2023-01-11T17:30:47.110Z] Failed to get Admin SDK config for bookstore-15b7a, falling back to cacheFailed to get Admin SDK for Firebase project bookstore-15b7a. Please make sure the project exists and your account has permission to access it. {"name":"FirebaseError","children":[],"exit":2,"message":"Failed to get Admin SDK for Firebase project bookstore-15b7a. Please make sure the project exists and your account has permission to access it.","original":{"name":"FirebaseError","children":[],"exit":1,"message":"Authentication Error: Your credentials are no longer valid. Please run \u001b[1mfirebase login --reauth\u001b[22m\n\nFor CI servers and headless environments, generate a new token with \u001b[1mfirebase login:ci\u001b[22m","status":500},"status":500}
[info] i  firestore: Importing data from C:\Users\zagam\Desktop\book-store\db\firestore_export\firestore_export.overall_export_metadata {"metadata":{"emulator":{"name":"firestore"},"message":"Importing data from C:\\Users\\zagam\\Desktop\\book-store\\db\\firestore_export\\firestore_export.overall_export_metadata"}}
[debug] [2023-01-11T17:30:47.131Z] Ignoring unsupported arg: auto_download {"metadata":{"emulator":{"name":"firestore"},"message":"Ignoring unsupported arg: auto_download"}}
[debug] [2023-01-11T17:30:47.132Z] Ignoring unsupported arg: single_project_mode_error {"metadata":{"emulator":{"name":"firestore"},"message":"Ignoring unsupported arg: single_project_mode_error"}}
[debug] [2023-01-11T17:30:47.132Z] Starting Firestore Emulator with command {"binary":"java","args":["-Dgoogle.cloud_firestore.debug_log_level=FINE","-Duser.language=en","-jar","C:\\Users\\zagam\\.cache\\firebase\\emulators\\cloud-firestore-emulator-v1.15.1.jar","--host","127.0.0.1","--port",8080,"--websocket_port",9150,"--project_id","bookstore-15b7a","--seed_from_export","C:\\Users\\zagam\\Desktop\\book-store\\db\\firestore_export\\firestore_export.overall_export_metadata","--rules","C:\\Users\\zagam\\Desktop\\book-store\\firestore.rules","--single_project_mode",true,"--functions_emulator","127.0.0.1:5001"],"optionalArgs":["port","webchannel_port","host","rules","websocket_port","functions_emulator","seed_from_export","project_id","single_project_mode"],"joinArgs":false} {"metadata":{"emulator":{"name":"firestore"},"message":"Starting Firestore Emulator with command {\"binary\":\"java\",\"args\":[\"-Dgoogle.cloud_firestore.debug_log_level=FINE\",\"-Duser.language=en\",\"-jar\",\"C:\\\\Users\\\\zagam\\\\.cache\\\\firebase\\\\emulators\\\\cloud-firestore-emulator-v1.15.1.jar\",\"--host\",\"127.0.0.1\",\"--port\",8080,\"--websocket_port\",9150,\"--project_id\",\"bookstore-15b7a\",\"--seed_from_export\",\"C:\\\\Users\\\\zagam\\\\Desktop\\\\book-store\\\\db\\\\firestore_export\\\\firestore_export.overall_export_metadata\",\"--rules\",\"C:\\\\Users\\\\zagam\\\\Desktop\\\\book-store\\\\firestore.rules\",\"--single_project_mode\",true,\"--functions_emulator\",\"127.0.0.1:5001\"],\"optionalArgs\":[\"port\",\"webchannel_port\",\"host\",\"rules\",\"websocket_port\",\"functions_emulator\",\"seed_from_export\",\"project_id\",\"single_project_mode\"],\"joinArgs\":false}"}}
[info] i  firestore: Firestore Emulator logging to firestore-debug.log {"metadata":{"emulator":{"name":"firestore"},"message":"Firestore Emulator logging to \u001b[1mfirestore-debug.log\u001b[22m"}}
[info] +  firestore: Firestore Emulator UI websocket is running on 9150. {"metadata":{"emulator":{"name":"firestore"},"message":"Firestore Emulator UI websocket is running on 9150."}}
[info] i  auth: Importing config from C:\Users\zagam\Desktop\book-store\db\auth_export\config.json {"metadata":{"emulator":{"name":"auth"},"message":"Importing config from C:\\Users\\zagam\\Desktop\\book-store\\db\\auth_export\\config.json"}}
[info] i  auth: Importing accounts from C:\Users\zagam\Desktop\book-store\db\auth_export\accounts.json {"metadata":{"emulator":{"name":"auth"},"message":"Importing accounts from C:\\Users\\zagam\\Desktop\\book-store\\db\\auth_export\\accounts.json"}}
[debug] [2023-01-11T17:30:54.525Z] > refreshing access token with scopes: []
[debug] [2023-01-11T17:30:54.527Z] >>> [apiv2][query] POST https://www.googleapis.com/oauth2/v3/token [none]
[debug] [2023-01-11T17:30:54.527Z] >>> [apiv2][body] POST https://www.googleapis.com/oauth2/v3/token [omitted]
[debug] [2023-01-11T17:31:15.569Z] Failed to list hosting sites
[debug] Authentication Error: Your credentials are no longer valid. Please run firebase login --reauth

For CI servers and headless environments, generate a new token with firebase login:ci
[debug] [2023-01-11T17:31:15.569Z] > refreshing access token with scopes: []
[debug] [2023-01-11T17:31:15.570Z] >>> [apiv2][query] POST https://www.googleapis.com/oauth2/v3/token [none]
[debug] [2023-01-11T17:31:15.570Z] >>> [apiv2][body] POST https://www.googleapis.com/oauth2/v3/token [omitted]
[debug] [2023-01-11T17:31:36.620Z] fetchWebSetup error: FirebaseError: Authentication Error: Your credentials are no longer valid. Please run firebase login --reauth

For CI servers and headless environments, generate a new token with firebase login:ci
[warn] !  hosting: Using web app configuration from cache. 
[debug] [2023-01-11T17:31:36.623Z] > refreshing access token with scopes: []
[debug] [2023-01-11T17:31:36.623Z] >>> [apiv2][query] POST https://www.googleapis.com/oauth2/v3/token [none]
[debug] [2023-01-11T17:31:36.623Z] >>> [apiv2][body] POST https://www.googleapis.com/oauth2/v3/token [omitted]
[debug] [2023-01-11T17:31:57.668Z] Authentication Error: Your credentials are no longer valid. Please run firebase login --reauth

For CI servers and headless environments, generate a new token with firebase login:ci
[info] i  hosting[bookstore-15b7a]: Serving hosting files from: build {"metadata":{"emulator":{"name":"hosting"},"message":"Serving hosting files from: \u001b[1mbuild\u001b[22m"}}
[info] +  hosting[bookstore-15b7a]: Local server: http://127.0.0.1:5000 {"metadata":{"emulator":{"name":"hosting"},"message":"Local server: \u001b[4m\u001b[1mhttp://127.0.0.1:5000\u001b[22m\u001b[24m"}}
[debug] [2023-01-11T17:31:57.697Z] Ignoring unsupported arg: auto_download {"metadata":{"emulator":{"name":"ui"},"message":"Ignoring unsupported arg: auto_download"}}
[debug] [2023-01-11T17:31:57.697Z] Ignoring unsupported arg: port {"metadata":{"emulator":{"name":"ui"},"message":"Ignoring unsupported arg: port"}}
[debug] [2023-01-11T17:31:57.697Z] Starting Emulator UI with command {"binary":"node","args":["C:\\Users\\zagam\\.cache\\firebase\\emulators\\ui-v1.11.1\\server\\server.js"],"optionalArgs":[],"joinArgs":false} {"metadata":{"emulator":{"name":"ui"},"message":"Starting Emulator UI with command {\"binary\":\"node\",\"args\":[\"C:\\\\Users\\\\zagam\\\\.cache\\\\firebase\\\\emulators\\\\ui-v1.11.1\\\\server\\\\server.js\"],\"optionalArgs\":[],\"joinArgs\":false}"}}
[info] i  ui: Emulator UI logging to ui-debug.log {"metadata":{"emulator":{"name":"ui"},"message":"Emulator UI logging to \u001b[1mui-debug.log\u001b[22m"}}
[debug] [2023-01-11T17:31:57.830Z] Web / API server started at 127.0.0.1:4000
 {"metadata":{"emulator":{"name":"ui"},"message":"Web / API server started at 127.0.0.1:4000\n"}}
[debug] [2023-01-11T17:31:57.831Z] Web / API server started at ::1:4000
 {"metadata":{"emulator":{"name":"ui"},"message":"Web / API server started at ::1:4000\n"}}
[info] i  functions: Watching "C:\Users\zagam\Desktop\book-store\functions" for Cloud Functions... {"metadata":{"emulator":{"name":"functions"},"message":"Watching \"C:\\Users\\zagam\\Desktop\\book-store\\functions\" for Cloud Functions..."}}
[debug] [2023-01-11T17:31:57.968Z] Validating nodejs source
[debug] [2023-01-11T17:34:12.378Z] > [functions] package.json contents: {
  "name": "functions",
  "scripts": {
    "lint": "eslint --ext .js,.ts .",
    "build": "tsc",
    "build:watch": "tsc --watch",
    "serve": "npx tsc --watch && firebase emulators:start",
    "shell": "npm run build && firebase functions:shell",
    "start": "npm run shell",
    "deploy": "firebase deploy --only functions",
    "logs": "firebase functions:log"
  },
  "engines": {
    "node": "16"
  },
  "main": "lib/index.js",
  "dependencies": {
    "body-parser": "^1.20.1",
    "correios-brasil": "^3.0.3",
    "cors": "^2.8.5",
    "express": "^4.18.2",
    "firebase-admin": "^10.0.2",
    "firebase-functions": "^4.1.1",
    "mercadopago": "^1.5.14",
    "slugify": "^1.6.5",
    "stripe": "^11.5.0"
  },
  "devDependencies": {
    "@types/express": "^4.17.15",
    "@types/express-serve-static-core": "^4.17.31",
    "@typescript-eslint/eslint-plugin": "^5.12.0",
    "@typescript-eslint/parser": "^5.47.0",
    "eslint": "^8.9.0",
    "eslint-config-google": "^0.14.0",
    "eslint-plugin-import": "^2.25.4",
    "firebase-functions-test": "^0.2.0",
    "typescript": "^4.9.4"
  },
  "private": true
}
[debug] [2023-01-11T17:34:12.378Z] Building nodejs source
[info] i  functions: Loaded environment variables from .env. 
[debug] [2023-01-11T17:34:12.382Z] Could not find functions.yaml. Must use http discovery
[debug] [2023-01-11T17:34:12.838Z] Serving at port 9005

[debug] [2023-01-11T17:34:13.791Z] Got response from /__/functions.yaml {"endpoints":{"api":{"platform":"gcfv1","availableMemoryMb":null,"timeoutSeconds":null,"minInstances":null,"maxInstances":null,"ingressSettings":null,"serviceAccountEmail":null,"vpc":null,"httpsTrigger":{},"entryPoint":"api"}},"specVersion":"v1alpha1","requiredAPIs":[]}
[debug] [2023-01-11T17:34:13.803Z] {"severity":"INFO","message":"shutdown requested via /__/quitquitquit"}

[info] +  functions: Loaded functions definitions from source: api. {"metadata":{"emulator":{"name":"functions"},"message":"Loaded functions definitions from source: api."}}
[info] +  functions[us-central1-api]: http function initialized (http://127.0.0.1:5001/bookstore-15b7a/us-central1/api). {"metadata":{"emulator":{"name":"functions"},"message":"\u001b[1mhttp\u001b[22m function initialized (http://127.0.0.1:5001/bookstore-15b7a/us-central1/api)."}}
[info] 
┌─────────────────────────────────────────────────────────────┐
│ ✔  All emulators ready! It is now safe to connect your app. │
│ i  View Emulator UI at http://127.0.0.1:4000/               │
└─────────────────────────────────────────────────────────────┘

┌────────────────┬────────────────┬─────────────────────────────────┐
│ Emulator       │ Host:Port      │ View in Emulator UI             │
├────────────────┼────────────────┼─────────────────────────────────┤
│ Authentication │ 127.0.0.1:9099 │ http://127.0.0.1:4000/auth      │
├────────────────┼────────────────┼─────────────────────────────────┤
│ Functions      │ 127.0.0.1:5001 │ http://127.0.0.1:4000/functions │
├────────────────┼────────────────┼─────────────────────────────────┤
│ Firestore      │ 127.0.0.1:8080 │ http://127.0.0.1:4000/firestore │
├────────────────┼────────────────┼─────────────────────────────────┤
│ Hosting        │ 127.0.0.1:5000 │ n/a                             │
└────────────────┴────────────────┴─────────────────────────────────┘
  Emulator Hub running at 127.0.0.1:4400
  Other reserved ports: 4500, 9150

Issues? Report them at https://github.com/firebase/firebase-tools/issues and attach the *-debug.log files.
 
[debug] [2023-01-13T00:14:01.009Z] ----------------------------------------------------------------------
[debug] [2023-01-13T00:14:01.011Z] Command:       C:\Program Files\nodejs\node.exe C:\Users\AVANTI\AppData\Roaming\npm\node_modules\firebase-tools\lib\bin\firebase.js emulators:start --import db
[debug] [2023-01-13T00:14:01.012Z] CLI Version:   11.20.0
[debug] [2023-01-13T00:14:01.012Z] Platform:      win32
[debug] [2023-01-13T00:14:01.012Z] Node Version:  v18.12.1
[debug] [2023-01-13T00:14:01.013Z] Time:          Thu Jan 12 2023 21:14:01 GMT-0300 (Horário Padrão de Brasília)
[debug] [2023-01-13T00:14:01.013Z] ----------------------------------------------------------------------
[debug] 
[debug] [2023-01-13T00:14:01.184Z] > command requires scopes: ["email","openid","https://www.googleapis.com/auth/cloudplatformprojects.readonly","https://www.googleapis.com/auth/firebase","https://www.googleapis.com/auth/cloud-platform"]
[debug] [2023-01-13T00:14:01.184Z] > authorizing via signed-in user (izaacmendes2@gmail.com)
[debug] [2023-01-13T00:14:01.474Z] java version "19.0.1" 2022-10-18

[debug] [2023-01-13T00:14:01.475Z] Java(TM) SE Runtime Environment (build 19.0.1+10-21)
Java HotSpot(TM) 64-Bit Server VM (build 19.0.1+10-21, mixed mode, sharing)

[debug] [2023-01-13T00:14:01.517Z] Parsed Java major version: 19
[info] i  emulators: Starting emulators: auth, functions, firestore, hosting {"metadata":{"emulator":{"name":"hub"},"message":"Starting emulators: auth, functions, firestore, hosting"}}
[debug] [2023-01-13T00:14:01.532Z] [logging] Logging Emulator only supports listening on one address (127.0.0.1). Not listening on ::1
[debug] [2023-01-13T00:14:01.532Z] [auth] Authentication Emulator only supports listening on one address (127.0.0.1). Not listening on ::1
[debug] [2023-01-13T00:14:01.532Z] [firestore] Firestore Emulator only supports listening on one address (127.0.0.1). Not listening on ::1
[debug] [2023-01-13T00:14:01.532Z] [firestore.websocket] websocket server for firestore only supports listening on one address (127.0.0.1). Not listening on ::1
[debug] [2023-01-13T00:14:01.532Z] [hosting] Hosting Emulator only supports listening on one address (127.0.0.1). Not listening on ::1
[debug] [2023-01-13T00:14:01.532Z] assigned listening specs for emulators {"user":{"hub":[{"address":"127.0.0.1","family":"IPv4","port":4400},{"address":"::1","family":"IPv6","port":4400}],"ui":[{"address":"127.0.0.1","family":"IPv4","port":4000},{"address":"::1","family":"IPv6","port":4000}],"logging":[{"address":"127.0.0.1","family":"IPv4","port":4500}],"auth":[{"address":"127.0.0.1","family":"IPv4","port":9099}],"firestore":[{"address":"127.0.0.1","family":"IPv4","port":8080}],"firestore.websocket":[{"address":"127.0.0.1","family":"IPv4","port":9150}],"hosting":[{"address":"127.0.0.1","family":"IPv4","port":5000}]},"metadata":{"message":"assigned listening specs for emulators"}}
[debug] [2023-01-13T00:14:01.548Z] [hub] writing locator at C:\Users\AVANTI\AppData\Local\Temp\hub-bookstore-15b7a.json
[debug] [2023-01-13T00:14:01.562Z] [functions] Functions Emulator only supports listening on one address (127.0.0.1). Not listening on ::1
[debug] [2023-01-13T00:14:01.562Z] [eventarc] Eventarc Emulator only supports listening on one address (127.0.0.1). Not listening on ::1
[debug] [2023-01-13T00:14:01.562Z] late-assigned ports for functions and eventarc emulators {"user":{"hub":[{"address":"127.0.0.1","family":"IPv4","port":4400},{"address":"::1","family":"IPv6","port":4400}],"ui":[{"address":"127.0.0.1","family":"IPv4","port":4000},{"address":"::1","family":"IPv6","port":4000}],"logging":[{"address":"127.0.0.1","family":"IPv4","port":4500}],"auth":[{"address":"127.0.0.1","family":"IPv4","port":9099}],"firestore":[{"address":"127.0.0.1","family":"IPv4","port":8080}],"firestore.websocket":[{"address":"127.0.0.1","family":"IPv4","port":9150}],"hosting":[{"address":"127.0.0.1","family":"IPv4","port":5000}],"functions":[{"address":"127.0.0.1","family":"IPv4","port":5001}],"eventarc":[{"address":"127.0.0.1","family":"IPv4","port":9299}]},"metadata":{"message":"late-assigned ports for functions and eventarc emulators"}}
[warn] !  functions: The following emulators are not running, calls to these services from the Functions emulator will affect production: database, pubsub, storage {"metadata":{"emulator":{"name":"functions"},"message":"The following emulators are not running, calls to these services from the Functions emulator will affect production: \u001b[1mdatabase, pubsub, storage\u001b[22m"}}
[warn] !  Your requested "node" version "16" doesn't match your global version "18". Using node@18 from host. {"metadata":{"emulator":{"name":"functions"},"message":"Your requested \"node\" version \"16\" doesn't match your global version \"18\". Using node@18 from host."}}
[debug] [2023-01-13T00:14:01.601Z] defaultcredentials: writing to file C:\Users\AVANTI\AppData\Roaming\firebase\izaacmendes2_gmail_com_application_default_credentials.json
[debug] [2023-01-13T00:14:01.609Z] Setting GAC to C:\Users\AVANTI\AppData\Roaming\firebase\izaacmendes2_gmail_com_application_default_credentials.json {"metadata":{"emulator":{"name":"functions"},"message":"Setting GAC to C:\\Users\\AVANTI\\AppData\\Roaming\\firebase\\izaacmendes2_gmail_com_application_default_credentials.json"}}
[debug] [2023-01-13T00:14:01.611Z] > refreshing access token with scopes: []
[debug] [2023-01-13T00:14:01.613Z] >>> [apiv2][query] POST https://www.googleapis.com/oauth2/v3/token [none]
[debug] [2023-01-13T00:14:01.613Z] >>> [apiv2][body] POST https://www.googleapis.com/oauth2/v3/token [omitted]
[debug] [2023-01-13T00:14:01.928Z] <<< [apiv2][status] POST https://www.googleapis.com/oauth2/v3/token 200
[debug] [2023-01-13T00:14:01.929Z] <<< [apiv2][body] POST https://www.googleapis.com/oauth2/v3/token [omitted]
[debug] [2023-01-13T00:14:01.940Z] >>> [apiv2][query] GET https://firebase.googleapis.com/v1beta1/projects/bookstore-15b7a/adminSdkConfig [none]
[debug] [2023-01-13T00:14:02.466Z] <<< [apiv2][status] GET https://firebase.googleapis.com/v1beta1/projects/bookstore-15b7a/adminSdkConfig 200
[debug] [2023-01-13T00:14:02.467Z] <<< [apiv2][body] GET https://firebase.googleapis.com/v1beta1/projects/bookstore-15b7a/adminSdkConfig {"projectId":"bookstore-15b7a","storageBucket":"bookstore-15b7a.appspot.com","locationId":"southamerica-east1"}
[info] i  firestore: Importing data from C:\Users\AVANTI\Desktop\book-store\db\firestore_export\firestore_export.overall_export_metadata {"metadata":{"emulator":{"name":"firestore"},"message":"Importing data from C:\\Users\\AVANTI\\Desktop\\book-store\\db\\firestore_export\\firestore_export.overall_export_metadata"}}
[debug] [2023-01-13T00:14:02.512Z] Ignoring unsupported arg: auto_download {"metadata":{"emulator":{"name":"firestore"},"message":"Ignoring unsupported arg: auto_download"}}
[debug] [2023-01-13T00:14:02.513Z] Ignoring unsupported arg: single_project_mode_error {"metadata":{"emulator":{"name":"firestore"},"message":"Ignoring unsupported arg: single_project_mode_error"}}
[debug] [2023-01-13T00:14:02.513Z] Starting Firestore Emulator with command {"binary":"java","args":["-Dgoogle.cloud_firestore.debug_log_level=FINE","-Duser.language=en","-jar","C:\\Users\\AVANTI\\.cache\\firebase\\emulators\\cloud-firestore-emulator-v1.15.1.jar","--host","127.0.0.1","--port",8080,"--websocket_port",9150,"--project_id","bookstore-15b7a","--seed_from_export","C:\\Users\\AVANTI\\Desktop\\book-store\\db\\firestore_export\\firestore_export.overall_export_metadata","--rules","C:\\Users\\AVANTI\\Desktop\\book-store\\firestore.rules","--single_project_mode",true,"--functions_emulator","127.0.0.1:5001"],"optionalArgs":["port","webchannel_port","host","rules","websocket_port","functions_emulator","seed_from_export","project_id","single_project_mode"],"joinArgs":false} {"metadata":{"emulator":{"name":"firestore"},"message":"Starting Firestore Emulator with command {\"binary\":\"java\",\"args\":[\"-Dgoogle.cloud_firestore.debug_log_level=FINE\",\"-Duser.language=en\",\"-jar\",\"C:\\\\Users\\\\AVANTI\\\\.cache\\\\firebase\\\\emulators\\\\cloud-firestore-emulator-v1.15.1.jar\",\"--host\",\"127.0.0.1\",\"--port\",8080,\"--websocket_port\",9150,\"--project_id\",\"bookstore-15b7a\",\"--seed_from_export\",\"C:\\\\Users\\\\AVANTI\\\\Desktop\\\\book-store\\\\db\\\\firestore_export\\\\firestore_export.overall_export_metadata\",\"--rules\",\"C:\\\\Users\\\\AVANTI\\\\Desktop\\\\book-store\\\\firestore.rules\",\"--single_project_mode\",true,\"--functions_emulator\",\"127.0.0.1:5001\"],\"optionalArgs\":[\"port\",\"webchannel_port\",\"host\",\"rules\",\"websocket_port\",\"functions_emulator\",\"seed_from_export\",\"project_id\",\"single_project_mode\"],\"joinArgs\":false}"}}
[info] i  firestore: Firestore Emulator logging to firestore-debug.log {"metadata":{"emulator":{"name":"firestore"},"message":"Firestore Emulator logging to \u001b[1mfirestore-debug.log\u001b[22m"}}
[info] +  firestore: Firestore Emulator UI websocket is running on 9150. {"metadata":{"emulator":{"name":"firestore"},"message":"Firestore Emulator UI websocket is running on 9150."}}
